  codeinterview.cpp
c:\users\leon\source\repos\testcode\testcode\codeinterview.cpp(74): error C2065: “j”: 未声明的标识符
  threadTest.cpp
c:\users\leon\source\repos\testcode\testcode\threadtest.cpp(4): fatal error C1083: 无法打开包括文件: “pthread.h”: No such file or directory
